<?xml version="1.0" encoding="UTF-8"?>
<!-- Generated by org.testng.reporters.JUnitReportReporter -->
<testsuite hostname="DESKTOP-QCVUE6B" failures="0" tests="4" name="test.Test_AdminScenario2" time="6.592" errors="0" timestamp="2024-07-14T23:04:51 IST" skipped="0">
  <testcase classname="test.Test_AdminScenario2" name="verifyAdmin" time="1.046"/>
  <system-out/>
  <testcase classname="test.Test_AdminScenario2" name="searchByUsername" time="1.916"/>
  <system-out/>
  <testcase classname="test.Test_AdminScenario2" name="searchByUserRole" time="2.039"/>
  <system-out/>
  <testcase classname="test.Test_AdminScenario2" name="searchByStatus" time="1.591"/>
  <system-out/>
</testsuite> <!-- test.Test_AdminScenario2 -->
